        -:    0:Source:abs_example.c
        -:    0:Graph:abs_example.gcno
        -:    0:Data:abs_example.gcda
        -:    0:Runs:1
        -:    1:#include <stdio.h>
        -:    2:
        3:    3:int my_abs(int x){
        3:    4:    if(x < 0){
        1:    5:        return -x;
        -:    6:    }else {
        2:    7:        return x;
        -:    8:    }
        -:    9:}
        -:   10:
        1:   11:int main() {
        1:   12:    printf("%d\n", my_abs(-11));
        1:   13:    printf("%d\n", my_abs(11));
        1:   14:    printf("%d\n", my_abs(0));
        1:   15:    return 0;
        -:   16:}
